# JRE version: Java(TM) SE Runtime Environment (8.0_311-b11) (build 1.8.0_311-b11)
# Java VM: Java HotSpot(TM) 64-Bit Server VM (25.311-b11 mixed mode windows-amd64 compressed oops)
Heap:
 PSYoungGen      total 152576K, used 71492K [0x0000000716800000, 0x0000000721200000, 0x00000007c0000000)
  eden space 131072K, 54% used [0x0000000716800000,0x000000071add1380,0x000000071e800000)
  from space 21504K, 0% used [0x000000071e800000,0x000000071e800000,0x000000071fd00000)
  to   space 21504K, 11% used [0x000000071fd00000,0x000000071ff80050,0x0000000721200000)
 ParOldGen       total 243712K, used 13550K [0x00000005c3800000, 0x00000005d2600000, 0x0000000716800000)
  object space 243712K, 5% used [0x00000005c3800000,0x00000005c453b8e0,0x00000005d2600000)
 Metaspace       used 34638K, capacity 35162K, committed 35496K, reserved 1079296K
  class space    used 4682K, capacity 4840K, committed 4912K, reserved 1048576K
GC Heap History (5 events):
Event: 2.978 GC heap before
{Heap before GC invocations=1 (full 0):
 PSYoungGen      total 152576K, used 109344K [0x0000000716800000, 0x0000000721200000, 0x00000007c0000000)
  eden space 131072K, 83% used [0x0000000716800000,0x000000071d2c82e0,0x000000071e800000)
  from space 21504K, 0% used [0x000000071fd00000,0x000000071fd00000,0x0000000721200000)
  to   space 21504K, 0% used [0x000000071e800000,0x000000071e800000,0x000000071fd00000)
 ParOldGen       total 348160K, used 0K [0x00000005c3800000, 0x00000005d8c00000, 0x0000000716800000)
  object space 348160K, 0% used [0x00000005c3800000,0x00000005c3800000,0x00000005d8c00000)
 Metaspace       used 20772K, capacity 21132K, committed 21296K, reserved 1067008K
  class space    used 2705K, capacity 2817K, committed 2864K, reserved 1048576K
Event: 2.988 GC heap after
Heap after GC invocations=1 (full 0):
 PSYoungGen      total 152576K, used 14218K [0x0000000716800000, 0x0000000721200000, 0x00000007c0000000)
  eden space 131072K, 0% used [0x0000000716800000,0x0000000716800000,0x000000071e800000)
  from space 21504K, 66% used [0x000000071e800000,0x000000071f5e2850,0x000000071fd00000)
  to   space 21504K, 0% used [0x000000071fd00000,0x000000071fd00000,0x0000000721200000)
 ParOldGen       total 348160K, used 88K [0x00000005c3800000, 0x00000005d8c00000, 0x0000000716800000)
  object space 348160K, 0% used [0x00000005c3800000,0x00000005c3816010,0x00000005d8c00000)
 Metaspace       used 20772K, capacity 21132K, committed 21296K, reserved 1067008K
  class space    used 2705K, capacity 2817K, committed 2864K, reserved 1048576K
}
Event: 2.988 GC heap before
{Heap before GC invocations=2 (full 1):
 PSYoungGen      total 152576K, used 14218K [0x0000000716800000, 0x0000000721200000, 0x00000007c0000000)
  eden space 131072K, 0% used [0x0000000716800000,0x0000000716800000,0x000000071e800000)
  from space 21504K, 66% used [0x000000071e800000,0x000000071f5e2850,0x000000071fd00000)
  to   space 21504K, 0% used [0x000000071fd00000,0x000000071fd00000,0x0000000721200000)
 ParOldGen       total 348160K, used 88K [0x00000005c3800000, 0x00000005d8c00000, 0x0000000716800000)
  object space 348160K, 0% used [0x00000005c3800000,0x00000005c3816010,0x00000005d8c00000)
 Metaspace       used 20772K, capacity 21132K, committed 21296K, reserved 1067008K
  class space    used 2705K, capacity 2817K, committed 2864K, reserved 1048576K
Event: 3.018 GC heap after
Heap after GC invocations=2 (full 1):
 PSYoungGen      total 152576K, used 0K [0x0000000716800000, 0x0000000721200000, 0x00000007c0000000)
  eden space 131072K, 0% used [0x0000000716800000,0x0000000716800000,0x000000071e800000)
  from space 21504K, 0% used [0x000000071e800000,0x000000071e800000,0x000000071fd00000)
  to   space 21504K, 0% used [0x000000071fd00000,0x000000071fd00000,0x0000000721200000)
 ParOldGen       total 243712K, used 13542K [0x00000005c3800000, 0x00000005d2600000, 0x0000000716800000)
  object space 243712K, 5% used [0x00000005c3800000,0x00000005c45398e0,0x00000005d2600000)
 Metaspace       used 20772K, capacity 21132K, committed 21296K, reserved 1067008K
  class space    used 2705K, capacity 2817K, committed 2864K, reserved 1048576K
}
Event: 1267.784 GC heap before
{Heap before GC invocations=3 (full 1):
 PSYoungGen      total 152576K, used 71492K [0x0000000716800000, 0x0000000721200000, 0x00000007c0000000)
  eden space 131072K, 54% used [0x0000000716800000,0x000000071add12a0,0x000000071e800000)
  from space 21504K, 0% used [0x000000071e800000,0x000000071e800000,0x000000071fd00000)
  to   space 21504K, 0% used [0x000000071fd00000,0x000000071fd00000,0x0000000721200000)
 ParOldGen       total 243712K, used 13542K [0x00000005c3800000, 0x00000005d2600000, 0x0000000716800000)
  object space 243712K, 5% used [0x00000005c3800000,0x00000005c45398e0,0x00000005d2600000)
 Metaspace       used 34638K, capacity 35162K, committed 35496K, reserved 1079296K
  class space    used 4682K, capacity 4840K, committed 4912K, reserved 1048576K

